<?xml version="1.0" encoding="UTF-8"?>
<testsuite name="com.seguritech.traccar.app.web.rest.AccountResourceIntTest" time="15.608" tests="28" errors="0" skipped="0" failures="0">
  <properties>
[...]
</properties>
  <testcase name="testSaveInvalidEmail" classname="com.seguritech.traccar.app.web.rest.AccountResourceIntTest" time="1.779"/>
  <testcase name="testRequestPasswordReset" classname="com.seguritech.traccar.app.web.rest.AccountResourceIntTest" time="0.65"/>
  <testcase name="testFinishPasswordResetTooSmall" classname="com.seguritech.traccar.app.web.rest.AccountResourceIntTest" time="0.626"/>
  <testcase name="testSaveExistingEmail" classname="com.seguritech.traccar.app.web.rest.AccountResourceIntTest" time="0.973"/>
  <testcase name="testSaveExistingEmailAndLogin" classname="com.seguritech.traccar.app.web.rest.AccountResourceIntTest" time="0.79"/>
  <testcase name="testRegisterInvalidEmail" classname="com.seguritech.traccar.app.web.rest.AccountResourceIntTest" time="0.658"/>
  <testcase name="testRegisterInvalidLogin" classname="com.seguritech.traccar.app.web.rest.AccountResourceIntTest" time="0.537"/>
  <testcase name="testRegisterInvalidPassword" classname="com.seguritech.traccar.app.web.rest.AccountResourceIntTest" time="0.591"/>
  <testcase name="testSaveAccount" classname="com.seguritech.traccar.app.web.rest.AccountResourceIntTest" time="0.593"/>
  <testcase name="testFinishPasswordReset" classname="com.seguritech.traccar.app.web.rest.AccountResourceIntTest" time="1.109"/>
  <testcase name="testRegisterNullPassword" classname="com.seguritech.traccar.app.web.rest.AccountResourceIntTest" time="0.338"/>
  <testcase name="testRequestPasswordResetUpperCaseEmail" classname="com.seguritech.traccar.app.web.rest.AccountResourceIntTest" time="0.474"/>
  <testcase name="testRegisterAdminIsIgnored" classname="com.seguritech.traccar.app.web.rest.AccountResourceIntTest" time="0.561"/>
  <testcase name="testActivateAccountWithWrongKey" classname="com.seguritech.traccar.app.web.rest.AccountResourceIntTest" time="0.374"/>
  <testcase name="testGetUnknownAccount" classname="com.seguritech.traccar.app.web.rest.AccountResourceIntTest" time="0.293"/>
  <testcase name="testChangePassword" classname="com.seguritech.traccar.app.web.rest.AccountResourceIntTest" time="0.815"/>
  <testcase name="testChangePasswordTooSmall" classname="com.seguritech.traccar.app.web.rest.AccountResourceIntTest" time="0.628"/>
  <testcase name="testChangePasswordTooLong" classname="com.seguritech.traccar.app.web.rest.AccountResourceIntTest" time="0.505"/>
  <testcase name="testChangePasswordEmpty" classname="com.seguritech.traccar.app.web.rest.AccountResourceIntTest" time="0.348"/>
  <testcase name="testRegisterDuplicateEmail" classname="com.seguritech.traccar.app.web.rest.AccountResourceIntTest" time="0.42"/>
  <testcase name="testRegisterDuplicateLogin" classname="com.seguritech.traccar.app.web.rest.AccountResourceIntTest" time="0.395"/>
  <testcase name="testAuthenticatedUser" classname="com.seguritech.traccar.app.web.rest.AccountResourceIntTest" time="0.256"/>
  <testcase name="testActivateAccount" classname="com.seguritech.traccar.app.web.rest.AccountResourceIntTest" time="0.24"/>
  <testcase name="testRequestPasswordResetWrongEmail" classname="com.seguritech.traccar.app.web.rest.AccountResourceIntTest" time="0.273"/>
  <testcase name="testRegisterValid" classname="com.seguritech.traccar.app.web.rest.AccountResourceIntTest" time="0.367"/>
  <testcase name="testNonAuthenticatedUser" classname="com.seguritech.traccar.app.web.rest.AccountResourceIntTest" time="0.243"/>
  <testcase name="testGetExistingAccount" classname="com.seguritech.traccar.app.web.rest.AccountResourceIntTest" time="0.389"/>
  <testcase name="testFinishPasswordResetWrongKey" classname="com.seguritech.traccar.app.web.rest.AccountResourceIntTest" time="0.383"/>
</testsuite>